2021-05-12 20:12:01.600  INFO 10052 --- [restartedMain] com.cg.homeloan.HomeLoanAppApplication   : Starting HomeLoanAppApplication using Java 1.8.0_281 on PranchulPC with PID 10052 (D:\Project Working\Project Working with Jwt Complete\com.cg.homeloan\bin\main started by dell in D:\Project Working\Project Working with Jwt Complete\com.cg.homeloan)
2021-05-12 20:12:01.609  INFO 10052 --- [restartedMain] com.cg.homeloan.HomeLoanAppApplication   : No active profile set, falling back to default profiles: default
2021-05-12 20:12:01.743  INFO 10052 --- [restartedMain] o.s.b.devtools.restart.ChangeableUrls    : The Class-Path manifest attribute in C:\Users\dell\.gradle\caches\modules-2\files-2.1\com.oracle.database.jdbc\ojdbc8\19.8.0.0\df9cff9b91c47d06b9a0482d566ee2d83a03e586\ojdbc8-19.8.0.0.jar referenced one or more files that do not exist: file:/C:/Users/dell/.gradle/caches/modules-2/files-2.1/com.oracle.database.jdbc/ojdbc8/19.8.0.0/df9cff9b91c47d06b9a0482d566ee2d83a03e586/oraclepki.jar
2021-05-12 20:12:01.774  INFO 10052 --- [restartedMain] o.s.b.devtools.restart.ChangeableUrls    : The Class-Path manifest attribute in C:\Users\dell\.gradle\caches\modules-2\files-2.1\org.glassfish.jaxb\jaxb-core\2.3.0.1\33277bae433ecd0fdebd53812eb084da443575b6\jaxb-core-2.3.0.1.jar referenced one or more files that do not exist: file:/C:/Users/dell/.gradle/caches/modules-2/files-2.1/org.glassfish.jaxb/jaxb-core/2.3.0.1/33277bae433ecd0fdebd53812eb084da443575b6/jaxb-api-2.3.0.jar,file:/C:/Users/dell/.gradle/caches/modules-2/files-2.1/org.glassfish.jaxb/jaxb-core/2.3.0.1/33277bae433ecd0fdebd53812eb084da443575b6/txw2-2.3.0.1.jar,file:/C:/Users/dell/.gradle/caches/modules-2/files-2.1/org.glassfish.jaxb/jaxb-core/2.3.0.1/33277bae433ecd0fdebd53812eb084da443575b6/istack-commons-runtime-3.0.5.jar
2021-05-12 20:12:01.774  INFO 10052 --- [restartedMain] o.s.b.devtools.restart.ChangeableUrls    : The Class-Path manifest attribute in C:\Users\dell\.gradle\caches\modules-2\files-2.1\com.sun.xml.bind\jaxb-impl\2.3.1\a1a12b85ba1435b4189e065f7dafcc3fb9410d38\jaxb-impl-2.3.1.jar referenced one or more files that do not exist: file:/C:/Users/dell/.gradle/caches/modules-2/files-2.1/com.sun.xml.bind/jaxb-impl/2.3.1/a1a12b85ba1435b4189e065f7dafcc3fb9410d38/jaxb-runtime-2.3.1.jar,file:/C:/Users/dell/.gradle/caches/modules-2/files-2.1/com.sun.xml.bind/jaxb-impl/2.3.1/a1a12b85ba1435b4189e065f7dafcc3fb9410d38/txw2-2.3.1.jar,file:/C:/Users/dell/.gradle/caches/modules-2/files-2.1/com.sun.xml.bind/jaxb-impl/2.3.1/a1a12b85ba1435b4189e065f7dafcc3fb9410d38/istack-commons-runtime-3.0.7.jar,file:/C:/Users/dell/.gradle/caches/modules-2/files-2.1/com.sun.xml.bind/jaxb-impl/2.3.1/a1a12b85ba1435b4189e065f7dafcc3fb9410d38/stax-ex-1.8.jar,file:/C:/Users/dell/.gradle/caches/modules-2/files-2.1/com.sun.xml.bind/jaxb-impl/2.3.1/a1a12b85ba1435b4189e065f7dafcc3fb9410d38/FastInfoset-1.2.15.jar,file:/C:/Users/dell/.gradle/caches/modules-2/files-2.1/com.sun.xml.bind/jaxb-impl/2.3.1/a1a12b85ba1435b4189e065f7dafcc3fb9410d38/javax.activation-api-1.2.0.jar
2021-05-12 20:12:01.775  INFO 10052 --- [restartedMain] .e.DevToolsPropertyDefaultsPostProcessor : Devtools property defaults active! Set 'spring.devtools.add-properties' to 'false' to disable
2021-05-12 20:12:01.776  INFO 10052 --- [restartedMain] .e.DevToolsPropertyDefaultsPostProcessor : For additional web related logging consider setting the 'logging.level.web' property to 'DEBUG'
2021-05-12 20:12:03.108  INFO 10052 --- [restartedMain] .s.d.r.c.RepositoryConfigurationDelegate : Bootstrapping Spring Data JPA repositories in DEFAULT mode.
2021-05-12 20:12:03.231  INFO 10052 --- [restartedMain] .s.d.r.c.RepositoryConfigurationDelegate : Finished Spring Data repository scanning in 109 ms. Found 8 JPA repository interfaces.
2021-05-12 20:12:03.791  INFO 10052 --- [restartedMain] trationDelegate$BeanPostProcessorChecker : Bean 'org.springframework.security.access.expression.method.DefaultMethodSecurityExpressionHandler@2211d903' of type [org.springframework.security.access.expression.method.DefaultMethodSecurityExpressionHandler] is not eligible for getting processed by all BeanPostProcessors (for example: not eligible for auto-proxying)
2021-05-12 20:12:03.798  INFO 10052 --- [restartedMain] trationDelegate$BeanPostProcessorChecker : Bean 'methodSecurityMetadataSource' of type [org.springframework.security.access.method.DelegatingMethodSecurityMetadataSource] is not eligible for getting processed by all BeanPostProcessors (for example: not eligible for auto-proxying)
2021-05-12 20:12:04.701  INFO 10052 --- [restartedMain] o.s.b.w.embedded.tomcat.TomcatWebServer  : Tomcat initialized with port(s): 8095 (http)
2021-05-12 20:12:04.715  INFO 10052 --- [restartedMain] o.apache.catalina.core.StandardService   : Starting service [Tomcat]
2021-05-12 20:12:04.716  INFO 10052 --- [restartedMain] org.apache.catalina.core.StandardEngine  : Starting Servlet engine: [Apache Tomcat/9.0.44]
2021-05-12 20:12:04.836  INFO 10052 --- [restartedMain] o.a.c.c.C.[Tomcat].[localhost].[/]       : Initializing Spring embedded WebApplicationContext
2021-05-12 20:12:04.837  INFO 10052 --- [restartedMain] w.s.c.ServletWebServerApplicationContext : Root WebApplicationContext: initialization completed in 3060 ms
2021-05-12 20:12:05.375  INFO 10052 --- [restartedMain] o.hibernate.jpa.internal.util.LogHelper  : HHH000204: Processing PersistenceUnitInfo [name: default]
2021-05-12 20:12:05.468  INFO 10052 --- [restartedMain] org.hibernate.Version                    : HHH000412: Hibernate ORM core version 5.4.29.Final
2021-05-12 20:12:05.710  INFO 10052 --- [restartedMain] o.hibernate.annotations.common.Version   : HCANN000001: Hibernate Commons Annotations {5.1.2.Final}
2021-05-12 20:12:05.886  INFO 10052 --- [restartedMain] com.zaxxer.hikari.HikariDataSource       : HikariPool-1 - Starting...
2021-05-12 20:12:08.295  INFO 10052 --- [restartedMain] com.zaxxer.hikari.HikariDataSource       : HikariPool-1 - Start completed.
2021-05-12 20:12:08.325  INFO 10052 --- [restartedMain] org.hibernate.dialect.Dialect            : HHH000400: Using dialect: org.hibernate.dialect.Oracle10gDialect
2021-05-12 20:12:21.633  INFO 10052 --- [restartedMain] o.h.e.t.j.p.i.JtaPlatformInitiator       : HHH000490: Using JtaPlatform implementation: [org.hibernate.engine.transaction.jta.platform.internal.NoJtaPlatform]
2021-05-12 20:12:21.644  INFO 10052 --- [restartedMain] j.LocalContainerEntityManagerFactoryBean : Initialized JPA EntityManagerFactory for persistence unit 'default'
2021-05-12 20:12:22.751  WARN 10052 --- [restartedMain] JpaBaseConfiguration$JpaWebConfiguration : spring.jpa.open-in-view is enabled by default. Therefore, database queries may be performed during view rendering. Explicitly configure spring.jpa.open-in-view to disable this warning
2021-05-12 20:12:22.950  INFO 10052 --- [restartedMain] o.s.b.d.a.OptionalLiveReloadServer       : LiveReload server is running on port 35729
2021-05-12 20:12:23.796  INFO 10052 --- [restartedMain] pertySourcedRequestMappingHandlerMapping : Mapped URL path [/v2/api-docs] onto method [springfox.documentation.swagger2.web.Swagger2Controller#getDocumentation(String, HttpServletRequest)]
2021-05-12 20:12:23.976  INFO 10052 --- [restartedMain] c.c.h.j.config.MySecurityConfig          : configure
2021-05-12 20:12:24.171  INFO 10052 --- [restartedMain] o.s.s.web.DefaultSecurityFilterChain     : Will secure any request with [org.springframework.security.web.context.request.async.WebAsyncManagerIntegrationFilter@10c66dc6, org.springframework.security.web.context.SecurityContextPersistenceFilter@50596875, org.springframework.security.web.header.HeaderWriterFilter@6f0adcd5, org.springframework.web.filter.CorsFilter@409343a4, org.springframework.security.web.authentication.logout.LogoutFilter@490393b3, com.cg.homeloan.jwtsecurity.config.JwtAuthenticationFilter@3241fd81, org.springframework.security.web.savedrequest.RequestCacheAwareFilter@412501d7, org.springframework.security.web.servletapi.SecurityContextHolderAwareRequestFilter@4868dc1c, org.springframework.security.web.authentication.AnonymousAuthenticationFilter@61960d47, org.springframework.security.web.session.SessionManagementFilter@3b4213eb, org.springframework.security.web.access.ExceptionTranslationFilter@3dea78a5, org.springframework.security.web.access.intercept.FilterSecurityInterceptor@1862e24b]
2021-05-12 20:12:24.262  INFO 10052 --- [restartedMain] o.s.s.concurrent.ThreadPoolTaskExecutor  : Initializing ExecutorService 'applicationTaskExecutor'
2021-05-12 20:12:24.666  INFO 10052 --- [restartedMain] o.s.b.w.embedded.tomcat.TomcatWebServer  : Tomcat started on port(s): 8095 (http) with context path ''
2021-05-12 20:12:24.668  INFO 10052 --- [restartedMain] d.s.w.p.DocumentationPluginsBootstrapper : Context refreshed
2021-05-12 20:12:24.715  INFO 10052 --- [restartedMain] d.s.w.p.DocumentationPluginsBootstrapper : Found 1 custom documentation plugin(s)
2021-05-12 20:12:24.773  INFO 10052 --- [restartedMain] s.d.s.w.s.ApiListingReferenceScanner     : Scanning for api listing references
2021-05-12 20:12:25.395  INFO 10052 --- [restartedMain] .d.s.w.r.o.CachingOperationNameGenerator : Generating unique operation named: authenticateUserUsingPOST_1
2021-05-12 20:12:25.445  INFO 10052 --- [restartedMain] .d.s.w.r.o.CachingOperationNameGenerator : Generating unique operation named: authenticateUserUsingPOST_2
2021-05-12 20:12:25.448  INFO 10052 --- [restartedMain] .d.s.w.r.o.CachingOperationNameGenerator : Generating unique operation named: getAllLoanApplicationsUsingGET_1
2021-05-12 20:12:25.468  INFO 10052 --- [restartedMain] .d.s.w.r.o.CachingOperationNameGenerator : Generating unique operation named: authenticateUserUsingPOST_3
2021-05-12 20:12:25.470  INFO 10052 --- [restartedMain] .d.s.w.r.o.CachingOperationNameGenerator : Generating unique operation named: getAllLoanApplicationsUsingGET_2
2021-05-12 20:12:25.474  INFO 10052 --- [restartedMain] .d.s.w.r.o.CachingOperationNameGenerator : Generating unique operation named: isValidLandOfficerUsingPOST_1
2021-05-12 20:12:25.501  INFO 10052 --- [restartedMain] com.cg.homeloan.HomeLoanAppApplication   : Started HomeLoanAppApplication in 24.411 seconds (JVM running for 25.257)
2021-05-12 20:14:24.231  INFO 10052 --- [Thread-9] o.s.s.concurrent.ThreadPoolTaskExecutor  : Shutting down ExecutorService 'applicationTaskExecutor'
2021-05-12 20:14:24.241  INFO 10052 --- [Thread-9] j.LocalContainerEntityManagerFactoryBean : Closing JPA EntityManagerFactory for persistence unit 'default'
2021-05-12 20:14:24.247  INFO 10052 --- [Thread-9] com.zaxxer.hikari.HikariDataSource       : HikariPool-1 - Shutdown initiated...
2021-05-12 20:14:24.290  INFO 10052 --- [Thread-9] com.zaxxer.hikari.HikariDataSource       : HikariPool-1 - Shutdown completed.
2021-05-12 20:14:24.517  INFO 10052 --- [restartedMain] com.cg.homeloan.HomeLoanAppApplication   : Start Application
2021-05-12 20:14:24.640  INFO 10052 --- [restartedMain] com.cg.homeloan.HomeLoanAppApplication   : Starting HomeLoanAppApplication using Java 1.8.0_281 on PranchulPC with PID 10052 (D:\Project Working\Project Working with Jwt Complete\com.cg.homeloan\bin\main started by dell in D:\Project Working\Project Working with Jwt Complete\com.cg.homeloan)
2021-05-12 20:14:24.641  INFO 10052 --- [restartedMain] com.cg.homeloan.HomeLoanAppApplication   : No active profile set, falling back to default profiles: default
2021-05-12 20:14:25.748  INFO 10052 --- [restartedMain] .s.d.r.c.RepositoryConfigurationDelegate : Bootstrapping Spring Data JPA repositories in DEFAULT mode.
2021-05-12 20:14:25.803  INFO 10052 --- [restartedMain] .s.d.r.c.RepositoryConfigurationDelegate : Finished Spring Data repository scanning in 54 ms. Found 8 JPA repository interfaces.
2021-05-12 20:14:25.935  INFO 10052 --- [restartedMain] trationDelegate$BeanPostProcessorChecker : Bean 'org.springframework.security.access.expression.method.DefaultMethodSecurityExpressionHandler@24c8bef4' of type [org.springframework.security.access.expression.method.DefaultMethodSecurityExpressionHandler] is not eligible for getting processed by all BeanPostProcessors (for example: not eligible for auto-proxying)
2021-05-12 20:14:25.937  INFO 10052 --- [restartedMain] trationDelegate$BeanPostProcessorChecker : Bean 'methodSecurityMetadataSource' of type [org.springframework.security.access.method.DelegatingMethodSecurityMetadataSource] is not eligible for getting processed by all BeanPostProcessors (for example: not eligible for auto-proxying)
2021-05-12 20:14:26.102  INFO 10052 --- [restartedMain] o.s.b.w.embedded.tomcat.TomcatWebServer  : Tomcat initialized with port(s): 8095 (http)
2021-05-12 20:14:26.104  INFO 10052 --- [restartedMain] o.apache.catalina.core.StandardService   : Starting service [Tomcat]
2021-05-12 20:14:26.106  INFO 10052 --- [restartedMain] org.apache.catalina.core.StandardEngine  : Starting Servlet engine: [Apache Tomcat/9.0.44]
2021-05-12 20:14:26.150  INFO 10052 --- [restartedMain] o.a.c.c.C.[Tomcat].[localhost].[/]       : Initializing Spring embedded WebApplicationContext
2021-05-12 20:14:26.152  INFO 10052 --- [restartedMain] w.s.c.ServletWebServerApplicationContext : Root WebApplicationContext: initialization completed in 1505 ms
2021-05-12 20:14:26.278  INFO 10052 --- [restartedMain] o.hibernate.jpa.internal.util.LogHelper  : HHH000204: Processing PersistenceUnitInfo [name: default]
2021-05-12 20:14:26.290  INFO 10052 --- [restartedMain] com.zaxxer.hikari.HikariDataSource       : HikariPool-2 - Starting...
2021-05-12 20:14:26.323  INFO 10052 --- [restartedMain] com.zaxxer.hikari.HikariDataSource       : HikariPool-2 - Start completed.
2021-05-12 20:14:26.323  INFO 10052 --- [restartedMain] org.hibernate.dialect.Dialect            : HHH000400: Using dialect: org.hibernate.dialect.Oracle10gDialect
2021-05-12 20:14:26.814  INFO 10052 --- [restartedMain] o.h.e.t.j.p.i.JtaPlatformInitiator       : HHH000490: Using JtaPlatform implementation: [org.hibernate.engine.transaction.jta.platform.internal.NoJtaPlatform]
2021-05-12 20:14:26.815  INFO 10052 --- [restartedMain] j.LocalContainerEntityManagerFactoryBean : Initialized JPA EntityManagerFactory for persistence unit 'default'
2021-05-12 20:14:27.001  WARN 10052 --- [restartedMain] JpaBaseConfiguration$JpaWebConfiguration : spring.jpa.open-in-view is enabled by default. Therefore, database queries may be performed during view rendering. Explicitly configure spring.jpa.open-in-view to disable this warning
2021-05-12 20:14:27.038  INFO 10052 --- [restartedMain] o.s.b.d.a.OptionalLiveReloadServer       : LiveReload server is running on port 35729
2021-05-12 20:14:27.456  INFO 10052 --- [restartedMain] pertySourcedRequestMappingHandlerMapping : Mapped URL path [/v2/api-docs] onto method [springfox.documentation.swagger2.web.Swagger2Controller#getDocumentation(String, HttpServletRequest)]
2021-05-12 20:14:27.492  INFO 10052 --- [restartedMain] c.c.h.j.config.MySecurityConfig          : configure
2021-05-12 20:14:27.582  INFO 10052 --- [restartedMain] o.s.s.web.DefaultSecurityFilterChain     : Will secure any request with [org.springframework.security.web.context.request.async.WebAsyncManagerIntegrationFilter@639848a6, org.springframework.security.web.context.SecurityContextPersistenceFilter@678f800f, org.springframework.security.web.header.HeaderWriterFilter@56d6e9bf, org.springframework.web.filter.CorsFilter@2f795cb4, org.springframework.security.web.authentication.logout.LogoutFilter@4d357ee2, com.cg.homeloan.jwtsecurity.config.JwtAuthenticationFilter@34e99031, org.springframework.security.web.savedrequest.RequestCacheAwareFilter@18448e23, org.springframework.security.web.servletapi.SecurityContextHolderAwareRequestFilter@79be0785, org.springframework.security.web.authentication.AnonymousAuthenticationFilter@789141e0, org.springframework.security.web.session.SessionManagementFilter@7c6a6b48, org.springframework.security.web.access.ExceptionTranslationFilter@60c3fefb, org.springframework.security.web.access.intercept.FilterSecurityInterceptor@24c1b21b]
2021-05-12 20:14:27.623  INFO 10052 --- [restartedMain] o.s.s.concurrent.ThreadPoolTaskExecutor  : Initializing ExecutorService 'applicationTaskExecutor'
2021-05-12 20:14:27.737  INFO 10052 --- [restartedMain] o.s.b.w.embedded.tomcat.TomcatWebServer  : Tomcat started on port(s): 8095 (http) with context path ''
2021-05-12 20:14:27.740  INFO 10052 --- [restartedMain] d.s.w.p.DocumentationPluginsBootstrapper : Context refreshed
2021-05-12 20:14:27.741  INFO 10052 --- [restartedMain] d.s.w.p.DocumentationPluginsBootstrapper : Found 1 custom documentation plugin(s)
2021-05-12 20:14:27.748  INFO 10052 --- [restartedMain] s.d.s.w.s.ApiListingReferenceScanner     : Scanning for api listing references
2021-05-12 20:14:27.893  INFO 10052 --- [restartedMain] .d.s.w.r.o.CachingOperationNameGenerator : Generating unique operation named: authenticateUserUsingPOST_1
2021-05-12 20:14:27.914  INFO 10052 --- [restartedMain] .d.s.w.r.o.CachingOperationNameGenerator : Generating unique operation named: authenticateUserUsingPOST_2
2021-05-12 20:14:27.916  INFO 10052 --- [restartedMain] .d.s.w.r.o.CachingOperationNameGenerator : Generating unique operation named: getAllLoanApplicationsUsingGET_1
2021-05-12 20:14:27.925  INFO 10052 --- [restartedMain] .d.s.w.r.o.CachingOperationNameGenerator : Generating unique operation named: authenticateUserUsingPOST_3
2021-05-12 20:14:27.927  INFO 10052 --- [restartedMain] .d.s.w.r.o.CachingOperationNameGenerator : Generating unique operation named: getAllLoanApplicationsUsingGET_2
2021-05-12 20:14:27.931  INFO 10052 --- [restartedMain] .d.s.w.r.o.CachingOperationNameGenerator : Generating unique operation named: isValidLandOfficerUsingPOST_1
2021-05-12 20:14:27.941  INFO 10052 --- [restartedMain] com.cg.homeloan.HomeLoanAppApplication   : Started HomeLoanAppApplication in 3.406 seconds (JVM running for 147.697)
2021-05-12 20:14:27.945  INFO 10052 --- [restartedMain] .ConditionEvaluationDeltaLoggingListener : Condition evaluation unchanged
2021-05-12 20:22:41.431  INFO 10052 --- [http-nio-8095-exec-10] o.a.c.c.C.[Tomcat].[localhost].[/]       : Initializing Spring DispatcherServlet 'dispatcherServlet'
2021-05-12 20:22:41.433  INFO 10052 --- [http-nio-8095-exec-10] o.s.web.servlet.DispatcherServlet        : Initializing Servlet 'dispatcherServlet'
2021-05-12 20:22:41.437  INFO 10052 --- [http-nio-8095-exec-10] o.s.web.servlet.DispatcherServlet        : Completed initialization in 3 ms
2021-05-12 20:22:41.803  INFO 10052 --- [http-nio-8095-exec-10] c.c.h.j.config.JwtAuthenticationFilter   : doFilterInternal
2021-05-12 20:22:41.803  WARN 10052 --- [http-nio-8095-exec-10] c.c.h.j.config.JwtAuthenticationFilter   : JWT Token does not begin with Bearer String
2021-05-12 20:22:41.934  INFO 10052 --- [http-nio-8095-exec-10] c.c.h.j.config.JwtAuthenticationFilter   : doFilterInternal
2021-05-12 20:22:41.934  WARN 10052 --- [http-nio-8095-exec-10] c.c.h.j.config.JwtAuthenticationFilter   : JWT Token does not begin with Bearer String
2021-05-12 20:22:44.195  INFO 10052 --- [http-nio-8095-exec-8] c.c.h.j.config.JwtAuthenticationFilter   : doFilterInternal
2021-05-12 20:22:44.226  INFO 10052 --- [http-nio-8095-exec-8] c.c.h.j.config.JwtAuthenticationFilter   : doFilterInternal
2021-05-12 20:22:45.313  INFO 10052 --- [http-nio-8095-exec-6] c.c.h.j.config.JwtAuthenticationFilter   : doFilterInternal
2021-05-12 20:22:45.323  INFO 10052 --- [http-nio-8095-exec-6] c.c.h.j.config.JwtAuthenticationFilter   : doFilterInternal
2021-05-12 20:22:45.467  INFO 10052 --- [http-nio-8095-exec-4] c.c.h.j.config.JwtAuthenticationFilter   : doFilterInternal
2021-05-12 20:22:45.472  INFO 10052 --- [http-nio-8095-exec-4] c.c.h.j.config.JwtAuthenticationFilter   : doFilterInternal
2021-05-12 20:26:09.802  INFO 10052 --- [http-nio-8095-exec-2] c.c.h.j.config.JwtAuthenticationFilter   : doFilterInternal
2021-05-12 20:26:09.815  INFO 10052 --- [http-nio-8095-exec-2] c.c.h.j.config.JwtAuthenticationFilter   : doFilterInternal
2021-05-12 20:26:09.841  INFO 10052 --- [http-nio-8095-exec-1] c.c.h.j.config.JwtAuthenticationFilter   : doFilterInternal
2021-05-12 20:26:09.848  INFO 10052 --- [http-nio-8095-exec-1] c.c.h.j.config.JwtAuthenticationFilter   : doFilterInternal
2021-05-12 20:26:16.512  INFO 10052 --- [http-nio-8095-exec-10] c.c.h.j.config.JwtAuthenticationFilter   : doFilterInternal
2021-05-12 20:26:16.522  INFO 10052 --- [http-nio-8095-exec-10] c.c.h.j.config.JwtAuthenticationFilter   : doFilterInternal
2021-05-12 20:26:16.547  INFO 10052 --- [http-nio-8095-exec-9] c.c.h.j.config.JwtAuthenticationFilter   : doFilterInternal
2021-05-12 20:26:16.557  INFO 10052 --- [http-nio-8095-exec-9] c.c.h.j.config.JwtAuthenticationFilter   : doFilterInternal
2021-05-12 20:27:09.606  INFO 10052 --- [http-nio-8095-exec-6] c.c.h.j.config.JwtAuthenticationFilter   : doFilterInternal
2021-05-12 20:27:09.607  WARN 10052 --- [http-nio-8095-exec-6] c.c.h.j.config.JwtAuthenticationFilter   : JWT Token does not begin with Bearer String
2021-05-12 20:27:09.607  INFO 10052 --- [http-nio-8095-exec-6] c.c.h.j.config.JwtAuthenticationFilter   : doFilterInternal
2021-05-12 20:27:09.607  WARN 10052 --- [http-nio-8095-exec-6] c.c.h.j.config.JwtAuthenticationFilter   : JWT Token does not begin with Bearer String
2021-05-12 20:27:30.931  INFO 10052 --- [http-nio-8095-exec-3] c.c.h.j.config.JwtAuthenticationFilter   : doFilterInternal
2021-05-12 20:27:30.938  INFO 10052 --- [http-nio-8095-exec-3] c.c.h.j.config.JwtAuthenticationFilter   : doFilterInternal
2021-05-12 20:27:33.991  INFO 10052 --- [http-nio-8095-exec-1] c.c.h.j.config.JwtAuthenticationFilter   : doFilterInternal
2021-05-12 20:27:33.996  INFO 10052 --- [http-nio-8095-exec-1] c.c.h.j.config.JwtAuthenticationFilter   : doFilterInternal
2021-05-12 20:27:34.133  WARN 10052 --- [http-nio-8095-exec-1] .m.m.a.ExceptionHandlerExceptionResolver : Resolved [com.cg.homeloan.exceptions.AdminApprovalException: Waiting for Officers Approval !!! ]
2021-05-12 20:28:13.442  INFO 10052 --- [http-nio-8095-exec-8] c.c.h.j.config.JwtAuthenticationFilter   : doFilterInternal
2021-05-12 20:28:13.449  INFO 10052 --- [http-nio-8095-exec-8] c.c.h.j.config.JwtAuthenticationFilter   : doFilterInternal
2021-05-12 20:29:23.054  INFO 10052 --- [http-nio-8095-exec-5] c.c.h.j.config.JwtAuthenticationFilter   : doFilterInternal
2021-05-12 20:29:23.066  INFO 10052 --- [http-nio-8095-exec-5] c.c.h.j.config.JwtAuthenticationFilter   : doFilterInternal
2021-05-12 20:29:47.002  INFO 10052 --- [http-nio-8095-exec-2] c.c.h.j.config.JwtAuthenticationFilter   : doFilterInternal
2021-05-12 20:29:47.002  WARN 10052 --- [http-nio-8095-exec-2] c.c.h.j.config.JwtAuthenticationFilter   : JWT Token does not begin with Bearer String
2021-05-12 20:29:47.003  INFO 10052 --- [http-nio-8095-exec-2] c.c.h.j.config.JwtAuthenticationFilter   : doFilterInternal
2021-05-12 20:29:47.004  WARN 10052 --- [http-nio-8095-exec-2] c.c.h.j.config.JwtAuthenticationFilter   : JWT Token does not begin with Bearer String
2021-05-12 20:29:47.628  INFO 10052 --- [http-nio-8095-exec-9] c.c.h.j.config.JwtAuthenticationFilter   : doFilterInternal
2021-05-12 20:29:47.636  INFO 10052 --- [http-nio-8095-exec-9] c.c.h.j.config.JwtAuthenticationFilter   : doFilterInternal
2021-05-12 20:29:51.028  INFO 10052 --- [http-nio-8095-exec-7] c.c.h.j.config.JwtAuthenticationFilter   : doFilterInternal
2021-05-12 20:29:51.043  INFO 10052 --- [http-nio-8095-exec-7] c.c.h.j.config.JwtAuthenticationFilter   : doFilterInternal
2021-05-12 20:29:51.130  WARN 10052 --- [http-nio-8095-exec-7] .m.m.a.ExceptionHandlerExceptionResolver : Resolved [com.cg.homeloan.exceptions.FinanceVerificationException: Waiting for Land Verification Approval !!!]
2021-05-12 20:30:03.414  INFO 10052 --- [http-nio-8095-exec-5] c.c.h.j.config.JwtAuthenticationFilter   : doFilterInternal
2021-05-12 20:30:03.431  INFO 10052 --- [http-nio-8095-exec-5] c.c.h.j.config.JwtAuthenticationFilter   : doFilterInternal
2021-05-12 20:30:03.438  WARN 10052 --- [http-nio-8095-exec-5] .m.m.a.ExceptionHandlerExceptionResolver : Resolved [com.cg.homeloan.exceptions.FinanceVerificationException: Waiting for Land Verification Approval !!!]
2021-05-12 20:30:19.356  INFO 10052 --- [http-nio-8095-exec-2] c.c.h.j.config.JwtAuthenticationFilter   : doFilterInternal
2021-05-12 20:30:19.356  WARN 10052 --- [http-nio-8095-exec-2] c.c.h.j.config.JwtAuthenticationFilter   : JWT Token does not begin with Bearer String
2021-05-12 20:30:19.356  INFO 10052 --- [http-nio-8095-exec-2] c.c.h.j.config.JwtAuthenticationFilter   : doFilterInternal
2021-05-12 20:30:19.357  WARN 10052 --- [http-nio-8095-exec-2] c.c.h.j.config.JwtAuthenticationFilter   : JWT Token does not begin with Bearer String
2021-05-12 20:30:19.883  INFO 10052 --- [http-nio-8095-exec-10] c.c.h.j.config.JwtAuthenticationFilter   : doFilterInternal
2021-05-12 20:30:19.893  INFO 10052 --- [http-nio-8095-exec-10] c.c.h.j.config.JwtAuthenticationFilter   : doFilterInternal
2021-05-12 20:30:23.649  INFO 10052 --- [http-nio-8095-exec-8] c.c.h.j.config.JwtAuthenticationFilter   : doFilterInternal
2021-05-12 20:30:23.659  INFO 10052 --- [http-nio-8095-exec-8] c.c.h.j.config.JwtAuthenticationFilter   : doFilterInternal
2021-05-12 20:30:25.199  INFO 10052 --- [http-nio-8095-exec-7] c.c.h.j.config.JwtAuthenticationFilter   : doFilterInternal
2021-05-12 20:30:25.336  INFO 10052 --- [http-nio-8095-exec-7] c.c.h.j.config.JwtAuthenticationFilter   : doFilterInternal
2021-05-12 20:30:38.128  INFO 10052 --- [http-nio-8095-exec-5] c.c.h.j.config.JwtAuthenticationFilter   : doFilterInternal
2021-05-12 20:30:38.128  WARN 10052 --- [http-nio-8095-exec-5] c.c.h.j.config.JwtAuthenticationFilter   : JWT Token does not begin with Bearer String
2021-05-12 20:30:38.128  INFO 10052 --- [http-nio-8095-exec-5] c.c.h.j.config.JwtAuthenticationFilter   : doFilterInternal
2021-05-12 20:30:38.128  WARN 10052 --- [http-nio-8095-exec-5] c.c.h.j.config.JwtAuthenticationFilter   : JWT Token does not begin with Bearer String
2021-05-12 20:30:39.095  INFO 10052 --- [http-nio-8095-exec-4] c.c.h.j.config.JwtAuthenticationFilter   : doFilterInternal
2021-05-12 20:30:39.104  INFO 10052 --- [http-nio-8095-exec-4] c.c.h.j.config.JwtAuthenticationFilter   : doFilterInternal
2021-05-12 20:30:46.752  INFO 10052 --- [http-nio-8095-exec-3] c.c.h.j.config.JwtAuthenticationFilter   : doFilterInternal
2021-05-12 20:30:46.760  INFO 10052 --- [http-nio-8095-exec-3] c.c.h.j.config.JwtAuthenticationFilter   : doFilterInternal
2021-05-12 20:30:48.456  INFO 10052 --- [http-nio-8095-exec-1] c.c.h.j.config.JwtAuthenticationFilter   : doFilterInternal
2021-05-12 20:30:48.464  INFO 10052 --- [http-nio-8095-exec-1] c.c.h.j.config.JwtAuthenticationFilter   : doFilterInternal
2021-05-12 20:31:13.139  INFO 10052 --- [http-nio-8095-exec-9] c.c.h.j.config.JwtAuthenticationFilter   : doFilterInternal
2021-05-12 20:31:13.139  WARN 10052 --- [http-nio-8095-exec-9] c.c.h.j.config.JwtAuthenticationFilter   : JWT Token does not begin with Bearer String
2021-05-12 20:31:13.140  INFO 10052 --- [http-nio-8095-exec-9] c.c.h.j.config.JwtAuthenticationFilter   : doFilterInternal
2021-05-12 20:31:13.140  WARN 10052 --- [http-nio-8095-exec-9] c.c.h.j.config.JwtAuthenticationFilter   : JWT Token does not begin with Bearer String
2021-05-12 20:31:17.049  INFO 10052 --- [http-nio-8095-exec-8] c.c.h.j.config.JwtAuthenticationFilter   : doFilterInternal
2021-05-12 20:31:17.057  INFO 10052 --- [http-nio-8095-exec-8] c.c.h.j.config.JwtAuthenticationFilter   : doFilterInternal
2021-05-12 20:31:19.240  INFO 10052 --- [http-nio-8095-exec-6] c.c.h.j.config.JwtAuthenticationFilter   : doFilterInternal
2021-05-12 20:31:19.261  INFO 10052 --- [http-nio-8095-exec-6] c.c.h.j.config.JwtAuthenticationFilter   : doFilterInternal
2021-05-12 20:31:21.672  INFO 10052 --- [http-nio-8095-exec-5] c.c.h.j.config.JwtAuthenticationFilter   : doFilterInternal
2021-05-12 20:31:21.684  INFO 10052 --- [http-nio-8095-exec-5] c.c.h.j.config.JwtAuthenticationFilter   : doFilterInternal
2021-05-12 20:31:22.940  INFO 10052 --- [http-nio-8095-exec-3] c.c.h.j.config.JwtAuthenticationFilter   : doFilterInternal
2021-05-12 20:31:22.955  INFO 10052 --- [http-nio-8095-exec-3] c.c.h.j.config.JwtAuthenticationFilter   : doFilterInternal
2021-05-12 20:31:26.251  INFO 10052 --- [http-nio-8095-exec-1] c.c.h.j.config.JwtAuthenticationFilter   : doFilterInternal
2021-05-12 20:31:26.263  INFO 10052 --- [http-nio-8095-exec-1] c.c.h.j.config.JwtAuthenticationFilter   : doFilterInternal
2021-05-12 20:31:36.015  INFO 10052 --- [http-nio-8095-exec-8] c.c.h.j.config.JwtAuthenticationFilter   : doFilterInternal
2021-05-12 20:31:36.024  INFO 10052 --- [http-nio-8095-exec-8] c.c.h.j.config.JwtAuthenticationFilter   : doFilterInternal
2021-05-12 20:31:36.268  WARN 10052 --- [http-nio-8095-exec-8] o.h.engine.jdbc.spi.SqlExceptionHelper   : SQL Error: 2292, SQLState: 23000
2021-05-12 20:31:36.269 ERROR 10052 --- [http-nio-8095-exec-8] o.h.engine.jdbc.spi.SqlExceptionHelper   : ORA-02292: integrity constraint (HOMELOAN.FK71EBG5Q3RDCO98LXQA276LDKK) violated - child record found

2021-05-12 20:31:36.344  WARN 10052 --- [http-nio-8095-exec-8] .m.m.a.ExceptionHandlerExceptionResolver : Resolved [org.springframework.dao.DataIntegrityViolationException: could not execute statement; SQL [n/a]; constraint [HOMELOAN.FK71EBG5Q3RDCO98LXQA276LDKK]; nested exception is org.hibernate.exception.ConstraintViolationException: could not execute statement]
2021-05-12 20:35:56.999  INFO 10052 --- [http-nio-8095-exec-7] c.c.h.j.config.JwtAuthenticationFilter   : doFilterInternal
2021-05-12 20:35:57.023  INFO 10052 --- [http-nio-8095-exec-7] c.c.h.j.config.JwtAuthenticationFilter   : doFilterInternal
2021-05-12 20:36:01.908  INFO 10052 --- [http-nio-8095-exec-5] c.c.h.j.config.JwtAuthenticationFilter   : doFilterInternal
2021-05-12 20:36:01.931  INFO 10052 --- [http-nio-8095-exec-5] c.c.h.j.config.JwtAuthenticationFilter   : doFilterInternal
2021-05-12 20:36:01.945  WARN 10052 --- [http-nio-8095-exec-5] o.h.engine.jdbc.spi.SqlExceptionHelper   : SQL Error: 2292, SQLState: 23000
2021-05-12 20:36:01.945 ERROR 10052 --- [http-nio-8095-exec-5] o.h.engine.jdbc.spi.SqlExceptionHelper   : ORA-02292: integrity constraint (HOMELOAN.FK71EBG5Q3RDCO98LXQA276LDKK) violated - child record found

2021-05-12 20:36:01.948  WARN 10052 --- [http-nio-8095-exec-5] .m.m.a.ExceptionHandlerExceptionResolver : Resolved [org.springframework.dao.DataIntegrityViolationException: could not execute statement; SQL [n/a]; constraint [HOMELOAN.FK71EBG5Q3RDCO98LXQA276LDKK]; nested exception is org.hibernate.exception.ConstraintViolationException: could not execute statement]
2021-05-12 20:36:14.636  INFO 10052 --- [http-nio-8095-exec-4] c.c.h.j.config.JwtAuthenticationFilter   : doFilterInternal
2021-05-12 20:36:14.660  INFO 10052 --- [http-nio-8095-exec-4] c.c.h.j.config.JwtAuthenticationFilter   : doFilterInternal
2021-05-12 20:36:18.612  INFO 10052 --- [http-nio-8095-exec-3] c.c.h.j.config.JwtAuthenticationFilter   : doFilterInternal
2021-05-12 20:36:18.631  INFO 10052 --- [http-nio-8095-exec-3] c.c.h.j.config.JwtAuthenticationFilter   : doFilterInternal
2021-05-12 20:36:18.640  WARN 10052 --- [http-nio-8095-exec-3] o.h.engine.jdbc.spi.SqlExceptionHelper   : SQL Error: 2292, SQLState: 23000
2021-05-12 20:36:18.641 ERROR 10052 --- [http-nio-8095-exec-3] o.h.engine.jdbc.spi.SqlExceptionHelper   : ORA-02292: integrity constraint (HOMELOAN.FK71EBG5Q3RDCO98LXQA276LDKK) violated - child record found

2021-05-12 20:36:18.643  WARN 10052 --- [http-nio-8095-exec-3] .m.m.a.ExceptionHandlerExceptionResolver : Resolved [org.springframework.dao.DataIntegrityViolationException: could not execute statement; SQL [n/a]; constraint [HOMELOAN.FK71EBG5Q3RDCO98LXQA276LDKK]; nested exception is org.hibernate.exception.ConstraintViolationException: could not execute statement]
2021-05-12 20:36:20.124  INFO 10052 --- [http-nio-8095-exec-2] c.c.h.j.config.JwtAuthenticationFilter   : doFilterInternal
2021-05-12 20:36:20.141  INFO 10052 --- [http-nio-8095-exec-2] c.c.h.j.config.JwtAuthenticationFilter   : doFilterInternal
2021-05-12 20:41:53.143  INFO 10052 --- [http-nio-8095-exec-10] c.c.h.j.config.JwtAuthenticationFilter   : doFilterInternal
2021-05-12 20:41:53.150  INFO 10052 --- [http-nio-8095-exec-10] c.c.h.j.config.JwtAuthenticationFilter   : doFilterInternal
2021-05-12 20:41:57.172  INFO 10052 --- [http-nio-8095-exec-8] c.c.h.j.config.JwtAuthenticationFilter   : doFilterInternal
2021-05-12 20:41:57.182  INFO 10052 --- [http-nio-8095-exec-8] c.c.h.j.config.JwtAuthenticationFilter   : doFilterInternal
2021-05-12 20:41:57.192  WARN 10052 --- [http-nio-8095-exec-8] o.h.engine.jdbc.spi.SqlExceptionHelper   : SQL Error: 2292, SQLState: 23000
2021-05-12 20:41:57.192 ERROR 10052 --- [http-nio-8095-exec-8] o.h.engine.jdbc.spi.SqlExceptionHelper   : ORA-02292: integrity constraint (HOMELOAN.FK71EBG5Q3RDCO98LXQA276LDKK) violated - child record found

2021-05-12 20:41:57.195  WARN 10052 --- [http-nio-8095-exec-8] .m.m.a.ExceptionHandlerExceptionResolver : Resolved [org.springframework.dao.DataIntegrityViolationException: could not execute statement; SQL [n/a]; constraint [HOMELOAN.FK71EBG5Q3RDCO98LXQA276LDKK]; nested exception is org.hibernate.exception.ConstraintViolationException: could not execute statement]
2021-05-12 20:41:58.413  INFO 10052 --- [http-nio-8095-exec-7] c.c.h.j.config.JwtAuthenticationFilter   : doFilterInternal
2021-05-12 20:41:58.434  INFO 10052 --- [http-nio-8095-exec-7] c.c.h.j.config.JwtAuthenticationFilter   : doFilterInternal
2021-05-12 20:43:02.124  INFO 10052 --- [http-nio-8095-exec-5] c.c.h.j.config.JwtAuthenticationFilter   : doFilterInternal
2021-05-12 20:43:02.140  INFO 10052 --- [http-nio-8095-exec-5] c.c.h.j.config.JwtAuthenticationFilter   : doFilterInternal
2021-05-12 20:43:02.147  WARN 10052 --- [http-nio-8095-exec-5] o.h.engine.jdbc.spi.SqlExceptionHelper   : SQL Error: 2292, SQLState: 23000
2021-05-12 20:43:02.147 ERROR 10052 --- [http-nio-8095-exec-5] o.h.engine.jdbc.spi.SqlExceptionHelper   : ORA-02292: integrity constraint (HOMELOAN.FK71EBG5Q3RDCO98LXQA276LDKK) violated - child record found

2021-05-12 20:43:02.149  WARN 10052 --- [http-nio-8095-exec-5] .m.m.a.ExceptionHandlerExceptionResolver : Resolved [org.springframework.dao.DataIntegrityViolationException: could not execute statement; SQL [n/a]; constraint [HOMELOAN.FK71EBG5Q3RDCO98LXQA276LDKK]; nested exception is org.hibernate.exception.ConstraintViolationException: could not execute statement]
2021-05-12 20:43:04.649  INFO 10052 --- [http-nio-8095-exec-4] c.c.h.j.config.JwtAuthenticationFilter   : doFilterInternal
2021-05-12 20:43:04.661  INFO 10052 --- [http-nio-8095-exec-4] c.c.h.j.config.JwtAuthenticationFilter   : doFilterInternal
2021-05-12 20:46:11.493  INFO 10052 --- [http-nio-8095-exec-2] c.c.h.j.config.JwtAuthenticationFilter   : doFilterInternal
2021-05-12 20:46:11.515  INFO 10052 --- [http-nio-8095-exec-2] c.c.h.j.config.JwtAuthenticationFilter   : doFilterInternal
2021-05-12 20:46:12.650  INFO 10052 --- [http-nio-8095-exec-1] c.c.h.j.config.JwtAuthenticationFilter   : doFilterInternal
2021-05-12 20:46:12.670  INFO 10052 --- [http-nio-8095-exec-1] c.c.h.j.config.JwtAuthenticationFilter   : doFilterInternal
2021-05-12 20:46:13.752  INFO 10052 --- [http-nio-8095-exec-10] c.c.h.j.config.JwtAuthenticationFilter   : doFilterInternal
2021-05-12 20:46:13.762  INFO 10052 --- [http-nio-8095-exec-10] c.c.h.j.config.JwtAuthenticationFilter   : doFilterInternal
